SpeechBrain system description
==============================
Python version:
3.8.12 (default, Oct 12 2021, 13:49:34) 
[GCC 7.5.0]
==============================
Installed Python packages:
aiohttp==3.8.1
aiosignal==1.2.0
antlr4-python3-runtime==4.8
apex==0.1
async-timeout==4.0.2
attrs==21.2.0
backcall==0.2.0
bitarray==2.3.4
certifi==2021.10.8
cffi==1.15.0
charset-normalizer==2.0.9
click==8.0.3
colorama==0.4.4
Cython==0.29.24
datasets==1.16.1
decorator==5.1.0
dill==0.3.4
-e git+https://github.com/pytorch/fairseq@0dfd6b624081fc4e1c72fc74ae0cd2de199c334c#egg=fairseq
filelock==3.4.0
frozenlist==1.2.0
fsspec==2021.11.1
huggingface-hub==0.2.1
hydra-core==1.0.7
HyperPyYAML==1.0.0
hypothesis==6.31.6
idna==3.3
importlib-resources==5.4.0
ipython==7.30.1
jedi==0.18.1
joblib==1.1.0
kenlm @ https://github.com/kpu/kenlm/archive/master.zip
matplotlib-inline==0.1.3
multidict==5.2.0
multiprocess==0.70.12.2
npy-append-array==0.9.13
numpy==1.21.4
omegaconf==2.0.6
packaging==21.3
pandas==1.3.5
parso==0.8.3
pexpect==4.8.0
pickleshare==0.7.5
Pillow==8.4.0
portalocker==2.3.2
progressbar==2.5
prompt-toolkit==3.0.23
ptyprocess==0.7.0
pyarrow==6.0.1
pycparser==2.21
pyctcdecode==0.2.1
Pygments==2.10.0
pygtrie==2.4.2
pyparsing==3.0.6
python-dateutil==2.8.2
pytz==2021.3
PyYAML==6.0
regex==2021.11.10
requests==2.26.0
ruamel.yaml==0.17.20
ruamel.yaml.clib==0.2.6
sacrebleu==2.0.0
sacremoses==0.0.46
scikit-learn==1.0.1
scipy==1.7.3
sentencepiece==0.1.96
six==1.16.0
sklearn==0.0
sortedcontainers==2.4.0
SoundFile==0.10.3.post1
-e git+https://github.com/speechbrain/speechbrain.git@9d56d50809d8745cc7dafa930aec554145be4028#egg=speechbrain
tabulate==0.8.9
threadpoolctl==3.0.0
tokenizers==0.10.3
torch==1.8.2+cu111
torchaudio==0.8.2
torchvision==0.9.2+cu111
tqdm==4.62.3
traitlets==5.1.1
transformers==4.16.2
typing_extensions==4.0.1
urllib3==1.26.7
wcwidth==0.2.5
xxhash==2.0.2
yarl==1.7.2
zipp==3.6.0
==============================
Git revision:
9d56d50
==============================
Cuda version:
11.1